<?xml version="1.0" encoding="UTF-8"?>
<!-- Generated by org.testng.reporters.JUnitReportReporter -->
<testsuite hostname="DESKTOP-RJ1DFVS" failures="0" tests="3" name="testNGExample.AmazonTest" time="2.841" errors="0" timestamp="2022-02-17T16:47:56 IST" skipped="0">
  <testcase classname="testNGExample.AmazonTest" name="verifyAppTitleBeforeSearch" time="0.283"/>
  <system-out/>
  <testcase classname="testNGExample.AmazonTest" name="searchItems" time="2.489"/>
  <system-out/>
  <testcase classname="testNGExample.AmazonTest" name="verifyAppTitle" time="0.069"/>
  <system-out/>
</testsuite> <!-- testNGExample.AmazonTest -->
