<?xml version="1.0" encoding="UTF-8"?>
<!-- Generated by org.testng.reporters.JUnitReportReporter -->
<testsuite hostname="DESKTOP-RJ1DFVS" failures="0" tests="6" name="crossbrowserTesting.LoginExample" time="26.862" errors="0" timestamp="2022-02-03T13:50:53 IST" skipped="0">
  <testcase classname="crossbrowserTesting.LoginExample" name="verifyLogin" time="4.790"/>
  <system-out/>
  <testcase classname="crossbrowserTesting.LoginExample" name="verifyLogin" time="5.907"/>
  <system-out/>
  <testcase classname="crossbrowserTesting.LoginExample" name="verifyDashboard" time="0.025"/>
  <system-out/>
  <testcase classname="crossbrowserTesting.LoginExample" name="verifyDashboard" time="0.042"/>
  <system-out/>
  <testcase classname="crossbrowserTesting.LoginExample" name="verifyLogout" time="8.081"/>
  <system-out/>
  <testcase classname="crossbrowserTesting.LoginExample" name="verifyLogout" time="8.017"/>
  <system-out/>
</testsuite> <!-- crossbrowserTesting.LoginExample -->
