<?xml version="1.0" encoding="UTF-8"?>
<!-- Generated by org.testng.reporters.JUnitReportReporter -->
<testsuite hostname="DESKTOP-RJ1DFVS" failures="0" tests="3" name="dataDrivenTestExample.LoginwithInvalidUser" time="20.905" errors="0" timestamp="2022-02-05T11:27:33 IST" skipped="0">
  <testcase classname="dataDrivenTestExample.LoginwithInvalidUser" name="verifyLogin" time="6.802"/>
  <system-out/>
  <testcase classname="dataDrivenTestExample.LoginwithInvalidUser" name="verifyLogin" time="6.876"/>
  <system-out/>
  <testcase classname="dataDrivenTestExample.LoginwithInvalidUser" name="verifyLogin" time="7.227"/>
  <system-out/>
</testsuite> <!-- dataDrivenTestExample.LoginwithInvalidUser -->
