<?xml version="1.0" encoding="UTF-8"?>
<!-- Generated by org.testng.reporters.JUnitReportReporter -->
<testsuite hostname="DESKTOP-RJ1DFVS" failures="0" tests="1" name="takeScreenshotExample.AmazonSearch" time="1.991" errors="0" timestamp="2022-02-04T13:32:12 IST" skipped="0">
  <testcase classname="takeScreenshotExample.AmazonSearch" name="contextClick" time="1.991"/>
  <system-out/>
</testsuite> <!-- takeScreenshotExample.AmazonSearch -->
