<?xml version="1.0" encoding="UTF-8"?>
<!-- Generated by org.testng.reporters.JUnitReportReporter -->
<testsuite hostname="DESKTOP-RJ1DFVS" failures="0" tests="1" name="practice.ProblemStatement3" time="5.520" errors="0" timestamp="2022-02-09T13:42:25 IST" skipped="0">
  <testcase classname="practice.ProblemStatement3" name="signIn" time="5.520"/>
  <system-out/>
</testsuite> <!-- practice.ProblemStatement3 -->
