<?xml version="1.0" encoding="UTF-8"?>
<!-- Generated by org.testng.reporters.JUnitReportReporter -->
<testsuite hostname="DESKTOP-RJ1DFVS" failures="0" tests="1" name="actionExample.DoubleClickExample" time="2.258" errors="0" timestamp="2022-02-04T12:19:21 IST" skipped="0">
  <testcase classname="actionExample.DoubleClickExample" name="contextClick" time="2.258"/>
  <system-out/>
</testsuite> <!-- actionExample.DoubleClickExample -->
