<?xml version="1.0" encoding="UTF-8"?>
<!-- Generated by org.testng.reporters.JUnitReportReporter -->
<testsuite hostname="DESKTOP-RJ1DFVS" failures="0" tests="1" name="practice.Prakhar" time="6.635" errors="0" timestamp="2022-02-09T10:44:30 IST" skipped="0">
  <testcase classname="practice.Prakhar" name="signIn" time="6.635"/>
  <system-out/>
</testsuite> <!-- practice.Prakhar -->
