<?xml version="1.0" encoding="UTF-8"?>
<!-- Generated by org.testng.reporters.JUnitReportReporter -->
<testsuite hostname="DESKTOP-RJ1DFVS" failures="0" tests="1" name="handleFrame.FrameExample" time="2.164" errors="0" timestamp="2022-02-04T11:15:39 IST" skipped="0">
  <testcase classname="handleFrame.FrameExample" name="simpleAlert" time="2.164"/>
  <system-out/>
</testsuite> <!-- handleFrame.FrameExample -->
