<?xml version="1.0" encoding="UTF-8"?>
<!-- Generated by org.testng.reporters.JUnitReportReporter -->
<testsuite hostname="DESKTOP-RJ1DFVS" failures="0" tests="1" name="practice.ProblemStatement2" time="11.381" errors="0" timestamp="2022-02-09T13:42:54 IST" skipped="0">
  <testcase classname="practice.ProblemStatement2" name="signIn" time="11.381"/>
  <system-out/>
</testsuite> <!-- practice.ProblemStatement2 -->
